[0.342s] DEBUG:colcon:Command line arguments: ['/usr/bin/colcon', 'build']
[0.342s] DEBUG:colcon:Parsed command line arguments: Namespace(log_base=None, log_level=None, verb_name='build', build_base='build', install_base='install', merge_install=False, symlink_install=False, test_result_base=None, continue_on_error=False, executor='parallel', parallel_workers=2, event_handlers=None, ignore_user_meta=False, metas=['./colcon.meta'], base_paths=['.'], packages_ignore=None, packages_ignore_regex=None, paths=None, packages_up_to=None, packages_up_to_regex=None, packages_above=None, packages_above_and_dependencies=None, packages_above_depth=None, packages_select_by_dep=None, packages_skip_by_dep=None, packages_skip_up_to=None, packages_select_build_failed=False, packages_skip_build_finished=False, packages_select_test_failures=False, packages_skip_test_passed=False, packages_select=None, packages_skip=None, packages_select_regex=None, packages_skip_regex=None, packages_start=None, packages_end=None, cmake_args=None, cmake_target=None, cmake_target_skip_unavailable=False, cmake_clean_cache=False, cmake_clean_first=False, cmake_force_configure=False, ament_cmake_args=None, catkin_cmake_args=None, catkin_skip_building_tests=False, mixin_files=None, mixin=None, verb_parser=<colcon_mixin.mixin.mixin_argument.MixinArgumentDecorator object at 0x78921dc22f80>, verb_extension=<colcon_core.verb.build.BuildVerb object at 0x78921dc228f0>, main=<bound method BuildVerb.main of <colcon_core.verb.build.BuildVerb object at 0x78921dc228f0>>, mixin_verb=('build',))
[0.372s] Level 1:colcon.colcon_core.package_discovery:discover_packages(colcon_meta) check parameters
[0.373s] INFO:colcon.colcon_metadata.package_discovery.colcon_meta:Using configuration from '/root/.colcon/metadata/default/Gazebo.meta'
[0.374s] INFO:colcon.colcon_metadata.package_discovery.colcon_meta:Using configuration from '/root/.colcon/metadata/default/fastrtps.meta'
[0.374s] Level 1:colcon.colcon_core.package_discovery:discover_packages(recursive) check parameters
[0.374s] Level 1:colcon.colcon_core.package_discovery:discover_packages(ignore) check parameters
[0.374s] Level 1:colcon.colcon_core.package_discovery:discover_packages(path) check parameters
[0.374s] Level 1:colcon.colcon_core.package_discovery:discover_packages(colcon_meta) discover
[0.374s] Level 1:colcon.colcon_core.package_discovery:discover_packages(recursive) discover
[0.374s] INFO:colcon.colcon_core.package_discovery:Crawling recursively for packages in '/home/robot/ws_aprendendo_ros2/src'
[0.374s] Level 1:colcon.colcon_core.package_identification:_identify(.) by extensions ['ignore', 'ignore_ament_install']
[0.374s] Level 1:colcon.colcon_core.package_identification:_identify(.) by extension 'ignore'
[0.374s] Level 1:colcon.colcon_core.package_identification:_identify(.) by extension 'ignore_ament_install'
[0.374s] Level 1:colcon.colcon_core.package_identification:_identify(.) by extensions ['colcon_pkg']
[0.374s] Level 1:colcon.colcon_core.package_identification:_identify(.) by extension 'colcon_pkg'
[0.374s] Level 1:colcon.colcon_core.package_identification:_identify(.) by extensions ['colcon_meta']
[0.374s] Level 1:colcon.colcon_core.package_identification:_identify(.) by extension 'colcon_meta'
[0.374s] Level 1:colcon.colcon_core.package_identification:_identify(.) by extensions ['ros']
[0.375s] Level 1:colcon.colcon_core.package_identification:_identify(.) by extension 'ros'
[0.385s] Level 1:colcon.colcon_core.package_identification:_identify(.) by extensions ['cmake', 'python']
[0.385s] Level 1:colcon.colcon_core.package_identification:_identify(.) by extension 'cmake'
[0.385s] Level 1:colcon.colcon_core.package_identification:_identify(.) by extension 'python'
[0.385s] Level 1:colcon.colcon_core.package_identification:_identify(.) by extensions ['python_setup_py']
[0.386s] Level 1:colcon.colcon_core.package_identification:_identify(.) by extension 'python_setup_py'
[0.386s] Level 1:colcon.colcon_core.package_identification:_identify(build) by extensions ['ignore', 'ignore_ament_install']
[0.386s] Level 1:colcon.colcon_core.package_identification:_identify(build) by extension 'ignore'
[0.386s] Level 1:colcon.colcon_core.package_identification:_identify(build) ignored
[0.386s] Level 1:colcon.colcon_core.package_identification:_identify(install) by extensions ['ignore', 'ignore_ament_install']
[0.386s] Level 1:colcon.colcon_core.package_identification:_identify(install) by extension 'ignore'
[0.386s] Level 1:colcon.colcon_core.package_identification:_identify(install) ignored
[0.386s] Level 1:colcon.colcon_core.package_identification:_identify(log) by extensions ['ignore', 'ignore_ament_install']
[0.386s] Level 1:colcon.colcon_core.package_identification:_identify(log) by extension 'ignore'
[0.387s] Level 1:colcon.colcon_core.package_identification:_identify(log) ignored
[0.387s] Level 1:colcon.colcon_core.package_identification:_identify(meu_primeiro_pacote) by extensions ['ignore', 'ignore_ament_install']
[0.387s] Level 1:colcon.colcon_core.package_identification:_identify(meu_primeiro_pacote) by extension 'ignore'
[0.387s] Level 1:colcon.colcon_core.package_identification:_identify(meu_primeiro_pacote) by extension 'ignore_ament_install'
[0.387s] Level 1:colcon.colcon_core.package_identification:_identify(meu_primeiro_pacote) by extensions ['colcon_pkg']
[0.387s] Level 1:colcon.colcon_core.package_identification:_identify(meu_primeiro_pacote) by extension 'colcon_pkg'
[0.387s] Level 1:colcon.colcon_core.package_identification:_identify(meu_primeiro_pacote) by extensions ['colcon_meta']
[0.387s] Level 1:colcon.colcon_core.package_identification:_identify(meu_primeiro_pacote) by extension 'colcon_meta'
[0.387s] Level 1:colcon.colcon_core.package_identification:_identify(meu_primeiro_pacote) by extensions ['ros']
[0.387s] Level 1:colcon.colcon_core.package_identification:_identify(meu_primeiro_pacote) by extension 'ros'
[0.389s] DEBUG:colcon.colcon_core.package_identification:Package 'meu_primeiro_pacote' with type 'ros.ament_python' and name 'meu_primeiro_pacote'
[0.389s] Level 1:colcon.colcon_core.package_identification:_identify(pacote_de_exemplos) by extensions ['ignore', 'ignore_ament_install']
[0.390s] Level 1:colcon.colcon_core.package_identification:_identify(pacote_de_exemplos) by extension 'ignore'
[0.390s] Level 1:colcon.colcon_core.package_identification:_identify(pacote_de_exemplos) by extension 'ignore_ament_install'
[0.390s] Level 1:colcon.colcon_core.package_identification:_identify(pacote_de_exemplos) by extensions ['colcon_pkg']
[0.390s] Level 1:colcon.colcon_core.package_identification:_identify(pacote_de_exemplos) by extension 'colcon_pkg'
[0.390s] Level 1:colcon.colcon_core.package_identification:_identify(pacote_de_exemplos) by extensions ['colcon_meta']
[0.390s] Level 1:colcon.colcon_core.package_identification:_identify(pacote_de_exemplos) by extension 'colcon_meta'
[0.390s] Level 1:colcon.colcon_core.package_identification:_identify(pacote_de_exemplos) by extensions ['ros']
[0.390s] Level 1:colcon.colcon_core.package_identification:_identify(pacote_de_exemplos) by extension 'ros'
[0.390s] DEBUG:colcon.colcon_core.package_identification:Package 'pacote_de_exemplos' with type 'ros.ament_python' and name 'pacote_de_exemplos'
[0.390s] Level 1:colcon.colcon_core.package_discovery:discover_packages(recursive) using defaults
[0.391s] Level 1:colcon.colcon_core.package_discovery:discover_packages(ignore) discover
[0.391s] Level 1:colcon.colcon_core.package_discovery:discover_packages(ignore) using defaults
[0.391s] Level 1:colcon.colcon_core.package_discovery:discover_packages(path) discover
[0.391s] Level 1:colcon.colcon_core.package_discovery:discover_packages(path) using defaults
[0.414s] Level 5:colcon.colcon_core.verb:set package 'meu_primeiro_pacote' build argument 'cmake_args' from command line to 'None'
[0.414s] Level 5:colcon.colcon_core.verb:set package 'meu_primeiro_pacote' build argument 'cmake_target' from command line to 'None'
[0.414s] Level 5:colcon.colcon_core.verb:set package 'meu_primeiro_pacote' build argument 'cmake_target_skip_unavailable' from command line to 'False'
[0.414s] Level 5:colcon.colcon_core.verb:set package 'meu_primeiro_pacote' build argument 'cmake_clean_cache' from command line to 'False'
[0.414s] Level 5:colcon.colcon_core.verb:set package 'meu_primeiro_pacote' build argument 'cmake_clean_first' from command line to 'False'
[0.414s] Level 5:colcon.colcon_core.verb:set package 'meu_primeiro_pacote' build argument 'cmake_force_configure' from command line to 'False'
[0.414s] Level 5:colcon.colcon_core.verb:set package 'meu_primeiro_pacote' build argument 'ament_cmake_args' from command line to 'None'
[0.414s] Level 5:colcon.colcon_core.verb:set package 'meu_primeiro_pacote' build argument 'catkin_cmake_args' from command line to 'None'
[0.414s] Level 5:colcon.colcon_core.verb:set package 'meu_primeiro_pacote' build argument 'catkin_skip_building_tests' from command line to 'False'
[0.414s] DEBUG:colcon.colcon_core.verb:Building package 'meu_primeiro_pacote' with the following arguments: {'ament_cmake_args': None, 'build_base': '/home/robot/ws_aprendendo_ros2/src/build/meu_primeiro_pacote', 'catkin_cmake_args': None, 'catkin_skip_building_tests': False, 'cmake_args': None, 'cmake_clean_cache': False, 'cmake_clean_first': False, 'cmake_force_configure': False, 'cmake_target': None, 'cmake_target_skip_unavailable': False, 'install_base': '/home/robot/ws_aprendendo_ros2/src/install/meu_primeiro_pacote', 'merge_install': False, 'path': '/home/robot/ws_aprendendo_ros2/src/meu_primeiro_pacote', 'symlink_install': False, 'test_result_base': None}
[0.415s] Level 5:colcon.colcon_core.verb:set package 'pacote_de_exemplos' build argument 'cmake_args' from command line to 'None'
[0.415s] Level 5:colcon.colcon_core.verb:set package 'pacote_de_exemplos' build argument 'cmake_target' from command line to 'None'
[0.415s] Level 5:colcon.colcon_core.verb:set package 'pacote_de_exemplos' build argument 'cmake_target_skip_unavailable' from command line to 'False'
[0.415s] Level 5:colcon.colcon_core.verb:set package 'pacote_de_exemplos' build argument 'cmake_clean_cache' from command line to 'False'
[0.415s] Level 5:colcon.colcon_core.verb:set package 'pacote_de_exemplos' build argument 'cmake_clean_first' from command line to 'False'
[0.416s] Level 5:colcon.colcon_core.verb:set package 'pacote_de_exemplos' build argument 'cmake_force_configure' from command line to 'False'
[0.416s] Level 5:colcon.colcon_core.verb:set package 'pacote_de_exemplos' build argument 'ament_cmake_args' from command line to 'None'
[0.416s] Level 5:colcon.colcon_core.verb:set package 'pacote_de_exemplos' build argument 'catkin_cmake_args' from command line to 'None'
[0.416s] Level 5:colcon.colcon_core.verb:set package 'pacote_de_exemplos' build argument 'catkin_skip_building_tests' from command line to 'False'
[0.416s] DEBUG:colcon.colcon_core.verb:Building package 'pacote_de_exemplos' with the following arguments: {'ament_cmake_args': None, 'build_base': '/home/robot/ws_aprendendo_ros2/src/build/pacote_de_exemplos', 'catkin_cmake_args': None, 'catkin_skip_building_tests': False, 'cmake_args': None, 'cmake_clean_cache': False, 'cmake_clean_first': False, 'cmake_force_configure': False, 'cmake_target': None, 'cmake_target_skip_unavailable': False, 'install_base': '/home/robot/ws_aprendendo_ros2/src/install/pacote_de_exemplos', 'merge_install': False, 'path': '/home/robot/ws_aprendendo_ros2/src/pacote_de_exemplos', 'symlink_install': False, 'test_result_base': None}
[0.416s] INFO:colcon.colcon_core.executor:Executing jobs using 'parallel' executor
[0.420s] DEBUG:colcon.colcon_parallel_executor.executor.parallel:run_until_complete
[0.421s] INFO:colcon.colcon_ros.task.ament_python.build:Building ROS package in '/home/robot/ws_aprendendo_ros2/src/meu_primeiro_pacote' with build type 'ament_python'
[0.421s] Level 1:colcon.colcon_core.shell:create_environment_hook('meu_primeiro_pacote', 'ament_prefix_path')
[0.426s] INFO:colcon.colcon_core.plugin_system:Skipping extension 'colcon_core.shell.bat': Not used on non-Windows systems
[0.426s] INFO:colcon.colcon_core.shell:Creating environment hook '/home/robot/ws_aprendendo_ros2/src/install/meu_primeiro_pacote/share/meu_primeiro_pacote/hook/ament_prefix_path.ps1'
[0.427s] INFO:colcon.colcon_core.shell:Creating environment descriptor '/home/robot/ws_aprendendo_ros2/src/install/meu_primeiro_pacote/share/meu_primeiro_pacote/hook/ament_prefix_path.dsv'
[0.428s] INFO:colcon.colcon_core.shell:Creating environment hook '/home/robot/ws_aprendendo_ros2/src/install/meu_primeiro_pacote/share/meu_primeiro_pacote/hook/ament_prefix_path.sh'
[0.430s] INFO:colcon.colcon_core.shell:Skip shell extension 'powershell' for command environment: Not usable outside of PowerShell
[0.430s] DEBUG:colcon.colcon_core.shell:Skip shell extension 'dsv' for command environment
[0.440s] INFO:colcon.colcon_ros.task.ament_python.build:Building ROS package in '/home/robot/ws_aprendendo_ros2/src/pacote_de_exemplos' with build type 'ament_python'
[0.441s] Level 1:colcon.colcon_core.shell:create_environment_hook('pacote_de_exemplos', 'ament_prefix_path')
[0.443s] INFO:colcon.colcon_core.shell:Creating environment hook '/home/robot/ws_aprendendo_ros2/src/install/pacote_de_exemplos/share/pacote_de_exemplos/hook/ament_prefix_path.ps1'
[0.444s] INFO:colcon.colcon_core.shell:Creating environment descriptor '/home/robot/ws_aprendendo_ros2/src/install/pacote_de_exemplos/share/pacote_de_exemplos/hook/ament_prefix_path.dsv'
[0.444s] INFO:colcon.colcon_core.shell:Creating environment hook '/home/robot/ws_aprendendo_ros2/src/install/pacote_de_exemplos/share/pacote_de_exemplos/hook/ament_prefix_path.sh'
[0.445s] INFO:colcon.colcon_core.shell:Skip shell extension 'powershell' for command environment: Not usable outside of PowerShell
[0.445s] DEBUG:colcon.colcon_core.shell:Skip shell extension 'dsv' for command environment
[0.709s] INFO:colcon.colcon_core.task.python.build:Building Python package in '/home/robot/ws_aprendendo_ros2/src/meu_primeiro_pacote'
[0.710s] INFO:colcon.colcon_core.shell:Skip shell extension 'powershell' for command environment: Not usable outside of PowerShell
[0.711s] DEBUG:colcon.colcon_core.shell:Skip shell extension 'dsv' for command environment
[0.981s] INFO:colcon.colcon_core.task.python.build:Building Python package in '/home/robot/ws_aprendendo_ros2/src/pacote_de_exemplos'
[0.983s] INFO:colcon.colcon_core.shell:Skip shell extension 'powershell' for command environment: Not usable outside of PowerShell
[0.983s] DEBUG:colcon.colcon_core.shell:Skip shell extension 'dsv' for command environment
[1.492s] DEBUG:colcon.colcon_core.event_handler.log_command:Invoking command in '/home/robot/ws_aprendendo_ros2/src/pacote_de_exemplos': PYTHONPATH=/home/robot/ws_aprendendo_ros2/src/build/pacote_de_exemplos/prefix_override:/home/robot/ws_aprendendo_ros2/src/install/pacote_de_exemplos/lib/python3.10/site-packages:${PYTHONPATH} /usr/bin/python3 setup.py egg_info --egg-base ../build/pacote_de_exemplos build --build-base /home/robot/ws_aprendendo_ros2/src/build/pacote_de_exemplos/build install --record /home/robot/ws_aprendendo_ros2/src/build/pacote_de_exemplos/install.log --single-version-externally-managed
[1.522s] DEBUG:colcon.colcon_core.event_handler.log_command:Invoking command in '/home/robot/ws_aprendendo_ros2/src/meu_primeiro_pacote': PYTHONPATH=/home/robot/ws_aprendendo_ros2/src/build/meu_primeiro_pacote/prefix_override:/home/robot/ws_aprendendo_ros2/src/install/meu_primeiro_pacote/lib/python3.10/site-packages:${PYTHONPATH} /usr/bin/python3 setup.py egg_info --egg-base ../build/meu_primeiro_pacote build --build-base /home/robot/ws_aprendendo_ros2/src/build/meu_primeiro_pacote/build install --record /home/robot/ws_aprendendo_ros2/src/build/meu_primeiro_pacote/install.log --single-version-externally-managed
[2.038s] DEBUG:colcon.colcon_core.event_handler.log_command:Invoked command in '/home/robot/ws_aprendendo_ros2/src/meu_primeiro_pacote' returned '0': PYTHONPATH=/home/robot/ws_aprendendo_ros2/src/build/meu_primeiro_pacote/prefix_override:/home/robot/ws_aprendendo_ros2/src/install/meu_primeiro_pacote/lib/python3.10/site-packages:${PYTHONPATH} /usr/bin/python3 setup.py egg_info --egg-base ../build/meu_primeiro_pacote build --build-base /home/robot/ws_aprendendo_ros2/src/build/meu_primeiro_pacote/build install --record /home/robot/ws_aprendendo_ros2/src/build/meu_primeiro_pacote/install.log --single-version-externally-managed
[2.043s] Level 1:colcon.colcon_core.environment:checking '/home/robot/ws_aprendendo_ros2/src/install/meu_primeiro_pacote' for CMake module files
[2.043s] Level 1:colcon.colcon_core.environment:checking '/home/robot/ws_aprendendo_ros2/src/install/meu_primeiro_pacote' for CMake config files
[2.045s] Level 1:colcon.colcon_core.environment:checking '/home/robot/ws_aprendendo_ros2/src/install/meu_primeiro_pacote/lib'
[2.045s] Level 1:colcon.colcon_core.environment:checking '/home/robot/ws_aprendendo_ros2/src/install/meu_primeiro_pacote/bin'
[2.045s] Level 1:colcon.colcon_core.environment:checking '/home/robot/ws_aprendendo_ros2/src/install/meu_primeiro_pacote/lib/pkgconfig/meu_primeiro_pacote.pc'
[2.046s] Level 1:colcon.colcon_core.environment:checking '/home/robot/ws_aprendendo_ros2/src/install/meu_primeiro_pacote/lib/python3.10/site-packages'
[2.046s] Level 1:colcon.colcon_core.shell:create_environment_hook('meu_primeiro_pacote', 'pythonpath')
[2.048s] INFO:colcon.colcon_core.shell:Creating environment hook '/home/robot/ws_aprendendo_ros2/src/install/meu_primeiro_pacote/share/meu_primeiro_pacote/hook/pythonpath.ps1'
[2.049s] INFO:colcon.colcon_core.shell:Creating environment descriptor '/home/robot/ws_aprendendo_ros2/src/install/meu_primeiro_pacote/share/meu_primeiro_pacote/hook/pythonpath.dsv'
[2.049s] INFO:colcon.colcon_core.shell:Creating environment hook '/home/robot/ws_aprendendo_ros2/src/install/meu_primeiro_pacote/share/meu_primeiro_pacote/hook/pythonpath.sh'
[2.050s] Level 1:colcon.colcon_core.environment:checking '/home/robot/ws_aprendendo_ros2/src/install/meu_primeiro_pacote/bin'
[2.050s] Level 1:colcon.colcon_core.environment:create_environment_scripts_only(meu_primeiro_pacote)
[2.052s] INFO:colcon.colcon_core.shell:Creating package script '/home/robot/ws_aprendendo_ros2/src/install/meu_primeiro_pacote/share/meu_primeiro_pacote/package.ps1'
[2.054s] INFO:colcon.colcon_core.shell:Creating package descriptor '/home/robot/ws_aprendendo_ros2/src/install/meu_primeiro_pacote/share/meu_primeiro_pacote/package.dsv'
[2.055s] INFO:colcon.colcon_core.shell:Creating package script '/home/robot/ws_aprendendo_ros2/src/install/meu_primeiro_pacote/share/meu_primeiro_pacote/package.sh'
[2.056s] INFO:colcon.colcon_core.shell:Creating package script '/home/robot/ws_aprendendo_ros2/src/install/meu_primeiro_pacote/share/meu_primeiro_pacote/package.bash'
[2.057s] INFO:colcon.colcon_core.shell:Creating package script '/home/robot/ws_aprendendo_ros2/src/install/meu_primeiro_pacote/share/meu_primeiro_pacote/package.zsh'
[2.058s] Level 1:colcon.colcon_core.environment:create_file_with_runtime_dependencies(/home/robot/ws_aprendendo_ros2/src/install/meu_primeiro_pacote/share/colcon-core/packages/meu_primeiro_pacote)
[2.116s] Level 1:colcon.colcon_core.environment:checking '/home/robot/ws_aprendendo_ros2/src/install/pacote_de_exemplos' for CMake module files
[2.116s] DEBUG:colcon.colcon_core.event_handler.log_command:Invoked command in '/home/robot/ws_aprendendo_ros2/src/pacote_de_exemplos' returned '0': PYTHONPATH=/home/robot/ws_aprendendo_ros2/src/build/pacote_de_exemplos/prefix_override:/home/robot/ws_aprendendo_ros2/src/install/pacote_de_exemplos/lib/python3.10/site-packages:${PYTHONPATH} /usr/bin/python3 setup.py egg_info --egg-base ../build/pacote_de_exemplos build --build-base /home/robot/ws_aprendendo_ros2/src/build/pacote_de_exemplos/build install --record /home/robot/ws_aprendendo_ros2/src/build/pacote_de_exemplos/install.log --single-version-externally-managed
[2.117s] Level 1:colcon.colcon_core.environment:checking '/home/robot/ws_aprendendo_ros2/src/install/pacote_de_exemplos' for CMake config files
[2.118s] Level 1:colcon.colcon_core.environment:checking '/home/robot/ws_aprendendo_ros2/src/install/pacote_de_exemplos/lib'
[2.118s] Level 1:colcon.colcon_core.environment:checking '/home/robot/ws_aprendendo_ros2/src/install/pacote_de_exemplos/bin'
[2.118s] Level 1:colcon.colcon_core.environment:checking '/home/robot/ws_aprendendo_ros2/src/install/pacote_de_exemplos/lib/pkgconfig/pacote_de_exemplos.pc'
[2.118s] Level 1:colcon.colcon_core.environment:checking '/home/robot/ws_aprendendo_ros2/src/install/pacote_de_exemplos/lib/python3.10/site-packages'
[2.118s] Level 1:colcon.colcon_core.shell:create_environment_hook('pacote_de_exemplos', 'pythonpath')
[2.120s] INFO:colcon.colcon_core.shell:Creating environment hook '/home/robot/ws_aprendendo_ros2/src/install/pacote_de_exemplos/share/pacote_de_exemplos/hook/pythonpath.ps1'
[2.120s] INFO:colcon.colcon_core.shell:Creating environment descriptor '/home/robot/ws_aprendendo_ros2/src/install/pacote_de_exemplos/share/pacote_de_exemplos/hook/pythonpath.dsv'
[2.121s] INFO:colcon.colcon_core.shell:Creating environment hook '/home/robot/ws_aprendendo_ros2/src/install/pacote_de_exemplos/share/pacote_de_exemplos/hook/pythonpath.sh'
[2.121s] Level 1:colcon.colcon_core.environment:checking '/home/robot/ws_aprendendo_ros2/src/install/pacote_de_exemplos/bin'
[2.121s] Level 1:colcon.colcon_core.environment:create_environment_scripts_only(pacote_de_exemplos)
[2.123s] INFO:colcon.colcon_core.shell:Creating package script '/home/robot/ws_aprendendo_ros2/src/install/pacote_de_exemplos/share/pacote_de_exemplos/package.ps1'
[2.123s] INFO:colcon.colcon_core.shell:Creating package descriptor '/home/robot/ws_aprendendo_ros2/src/install/pacote_de_exemplos/share/pacote_de_exemplos/package.dsv'
[2.124s] INFO:colcon.colcon_core.shell:Creating package script '/home/robot/ws_aprendendo_ros2/src/install/pacote_de_exemplos/share/pacote_de_exemplos/package.sh'
[2.124s] INFO:colcon.colcon_core.shell:Creating package script '/home/robot/ws_aprendendo_ros2/src/install/pacote_de_exemplos/share/pacote_de_exemplos/package.bash'
[2.125s] INFO:colcon.colcon_core.shell:Creating package script '/home/robot/ws_aprendendo_ros2/src/install/pacote_de_exemplos/share/pacote_de_exemplos/package.zsh'
[2.125s] Level 1:colcon.colcon_core.environment:create_file_with_runtime_dependencies(/home/robot/ws_aprendendo_ros2/src/install/pacote_de_exemplos/share/colcon-core/packages/pacote_de_exemplos)
[2.125s] DEBUG:colcon.colcon_parallel_executor.executor.parallel:closing loop
[2.126s] DEBUG:colcon.colcon_parallel_executor.executor.parallel:loop closed
[2.126s] DEBUG:colcon.colcon_parallel_executor.executor.parallel:run_until_complete finished with '0'
[2.126s] DEBUG:colcon.colcon_core.event_reactor:joining thread
[2.133s] INFO:colcon.colcon_core.plugin_system:Skipping extension 'colcon_notification.desktop_notification.notify_send': Could not find 'notify-send'
[2.133s] INFO:colcon.colcon_core.plugin_system:Skipping extension 'colcon_notification.desktop_notification.terminal_notifier': Not used on non-Darwin systems
[2.133s] INFO:colcon.colcon_core.plugin_system:Skipping extension 'colcon_notification.desktop_notification.win32': Not used on non-Windows systems
[2.133s] INFO:colcon.colcon_notification.desktop_notification:Sending desktop notification using 'notify2'
[2.137s] DEBUG:colcon.colcon_notification.desktop_notification.notify2:Failed to initialize notify2: org.freedesktop.DBus.Error.Spawn.ExecFailed: /usr/bin/dbus-launch terminated abnormally without any error message
[2.137s] DEBUG:colcon.colcon_core.event_reactor:joined thread
[2.139s] INFO:colcon.colcon_core.shell:Creating prefix script '/home/robot/ws_aprendendo_ros2/src/install/local_setup.ps1'
[2.141s] INFO:colcon.colcon_core.shell:Creating prefix util module '/home/robot/ws_aprendendo_ros2/src/install/_local_setup_util_ps1.py'
[2.142s] INFO:colcon.colcon_core.shell:Creating prefix chain script '/home/robot/ws_aprendendo_ros2/src/install/setup.ps1'
[2.143s] INFO:colcon.colcon_core.shell:Creating prefix script '/home/robot/ws_aprendendo_ros2/src/install/local_setup.sh'
[2.144s] INFO:colcon.colcon_core.shell:Creating prefix util module '/home/robot/ws_aprendendo_ros2/src/install/_local_setup_util_sh.py'
[2.145s] INFO:colcon.colcon_core.shell:Creating prefix chain script '/home/robot/ws_aprendendo_ros2/src/install/setup.sh'
[2.146s] INFO:colcon.colcon_core.shell:Creating prefix script '/home/robot/ws_aprendendo_ros2/src/install/local_setup.bash'
[2.147s] INFO:colcon.colcon_core.shell:Creating prefix chain script '/home/robot/ws_aprendendo_ros2/src/install/setup.bash'
[2.148s] INFO:colcon.colcon_core.shell:Creating prefix script '/home/robot/ws_aprendendo_ros2/src/install/local_setup.zsh'
[2.149s] INFO:colcon.colcon_core.shell:Creating prefix chain script '/home/robot/ws_aprendendo_ros2/src/install/setup.zsh'
