[1.048s] Invoking command in '/home/robot/ws_aprendendo_ros2/src/meu_primeiro_pacote': PYTHONPATH=/home/robot/ws_aprendendo_ros2/src/build/meu_primeiro_pacote/prefix_override:/home/robot/ws_aprendendo_ros2/src/install/meu_primeiro_pacote/lib/python3.10/site-packages:${PYTHONPATH} /usr/bin/python3 setup.py egg_info --egg-base ../build/meu_primeiro_pacote build --build-base /home/robot/ws_aprendendo_ros2/src/build/meu_primeiro_pacote/build install --record /home/robot/ws_aprendendo_ros2/src/build/meu_primeiro_pacote/install.log --single-version-externally-managed
[1.476s] running egg_info
[1.477s] writing ../build/meu_primeiro_pacote/meu_primeiro_pacote.egg-info/PKG-INFO
[1.478s] writing dependency_links to ../build/meu_primeiro_pacote/meu_primeiro_pacote.egg-info/dependency_links.txt
[1.479s] writing entry points to ../build/meu_primeiro_pacote/meu_primeiro_pacote.egg-info/entry_points.txt
[1.479s] writing requirements to ../build/meu_primeiro_pacote/meu_primeiro_pacote.egg-info/requires.txt
[1.479s] writing top-level names to ../build/meu_primeiro_pacote/meu_primeiro_pacote.egg-info/top_level.txt
[1.481s] reading manifest file '../build/meu_primeiro_pacote/meu_primeiro_pacote.egg-info/SOURCES.txt'
[1.483s] writing manifest file '../build/meu_primeiro_pacote/meu_primeiro_pacote.egg-info/SOURCES.txt'
[1.484s] running build
[1.485s] running build_py
[1.486s] copying meu_primeiro_pacote/listener.py -> /home/robot/ws_aprendendo_ros2/src/build/meu_primeiro_pacote/build/lib/meu_primeiro_pacote
[1.488s] copying meu_primeiro_pacote/r2d2.py -> /home/robot/ws_aprendendo_ros2/src/build/meu_primeiro_pacote/build/lib/meu_primeiro_pacote
[1.490s] running install
[1.491s] running install_lib
[1.493s] copying /home/robot/ws_aprendendo_ros2/src/build/meu_primeiro_pacote/build/lib/meu_primeiro_pacote/listener.py -> /home/robot/ws_aprendendo_ros2/src/install/meu_primeiro_pacote/lib/python3.10/site-packages/meu_primeiro_pacote
[1.495s] copying /home/robot/ws_aprendendo_ros2/src/build/meu_primeiro_pacote/build/lib/meu_primeiro_pacote/r2d2.py -> /home/robot/ws_aprendendo_ros2/src/install/meu_primeiro_pacote/lib/python3.10/site-packages/meu_primeiro_pacote
[1.498s] byte-compiling /home/robot/ws_aprendendo_ros2/src/install/meu_primeiro_pacote/lib/python3.10/site-packages/meu_primeiro_pacote/listener.py to listener.cpython-310.pyc
[1.502s] byte-compiling /home/robot/ws_aprendendo_ros2/src/install/meu_primeiro_pacote/lib/python3.10/site-packages/meu_primeiro_pacote/r2d2.py to r2d2.cpython-310.pyc
[1.506s] running install_data
[1.508s] running install_egg_info
[1.511s] removing '/home/robot/ws_aprendendo_ros2/src/install/meu_primeiro_pacote/lib/python3.10/site-packages/meu_primeiro_pacote-0.0.0-py3.10.egg-info' (and everything under it)
[1.520s] Copying ../build/meu_primeiro_pacote/meu_primeiro_pacote.egg-info to /home/robot/ws_aprendendo_ros2/src/install/meu_primeiro_pacote/lib/python3.10/site-packages/meu_primeiro_pacote-0.0.0-py3.10.egg-info
[1.531s] running install_scripts
[1.568s] Installing listener script to /home/robot/ws_aprendendo_ros2/src/install/meu_primeiro_pacote/lib/meu_primeiro_pacote
[1.569s] Installing meu_primeiro_no script to /home/robot/ws_aprendendo_ros2/src/install/meu_primeiro_pacote/lib/meu_primeiro_pacote
[1.570s] Installing no script to /home/robot/ws_aprendendo_ros2/src/install/meu_primeiro_pacote/lib/meu_primeiro_pacote
[1.571s] Installing r2d2 script to /home/robot/ws_aprendendo_ros2/src/install/meu_primeiro_pacote/lib/meu_primeiro_pacote
[1.572s] Installing talker script to /home/robot/ws_aprendendo_ros2/src/install/meu_primeiro_pacote/lib/meu_primeiro_pacote
[1.574s] writing list of installed files to '/home/robot/ws_aprendendo_ros2/src/build/meu_primeiro_pacote/install.log'
[1.887s] Invoked command in '/home/robot/ws_aprendendo_ros2/src/meu_primeiro_pacote' returned '0': PYTHONPATH=/home/robot/ws_aprendendo_ros2/src/build/meu_primeiro_pacote/prefix_override:/home/robot/ws_aprendendo_ros2/src/install/meu_primeiro_pacote/lib/python3.10/site-packages:${PYTHONPATH} /usr/bin/python3 setup.py egg_info --egg-base ../build/meu_primeiro_pacote build --build-base /home/robot/ws_aprendendo_ros2/src/build/meu_primeiro_pacote/build install --record /home/robot/ws_aprendendo_ros2/src/build/meu_primeiro_pacote/install.log --single-version-externally-managed
