[2.746s] DEBUG:colcon:Command line arguments: ['/usr/bin/colcon', 'build']
[2.747s] DEBUG:colcon:Parsed command line arguments: Namespace(log_base=None, log_level=None, verb_name='build', build_base='build', install_base='install', merge_install=False, symlink_install=False, test_result_base=None, continue_on_error=False, executor='parallel', parallel_workers=2, event_handlers=None, ignore_user_meta=False, metas=['./colcon.meta'], base_paths=['.'], packages_ignore=None, packages_ignore_regex=None, paths=None, packages_up_to=None, packages_up_to_regex=None, packages_above=None, packages_above_and_dependencies=None, packages_above_depth=None, packages_select_by_dep=None, packages_skip_by_dep=None, packages_skip_up_to=None, packages_select_build_failed=False, packages_skip_build_finished=False, packages_select_test_failures=False, packages_skip_test_passed=False, packages_select=None, packages_skip=None, packages_select_regex=None, packages_skip_regex=None, packages_start=None, packages_end=None, cmake_args=None, cmake_target=None, cmake_target_skip_unavailable=False, cmake_clean_cache=False, cmake_clean_first=False, cmake_force_configure=False, ament_cmake_args=None, catkin_cmake_args=None, catkin_skip_building_tests=False, mixin_files=None, mixin=None, verb_parser=<colcon_mixin.mixin.mixin_argument.MixinArgumentDecorator object at 0x7bee86797520>, verb_extension=<colcon_core.verb.build.BuildVerb object at 0x7bee86796e90>, main=<bound method BuildVerb.main of <colcon_core.verb.build.BuildVerb object at 0x7bee86796e90>>, mixin_verb=('build',))
[3.029s] Level 1:colcon.colcon_core.package_discovery:discover_packages(colcon_meta) check parameters
[3.035s] INFO:colcon.colcon_metadata.package_discovery.colcon_meta:Using configuration from '/root/.colcon/metadata/default/Gazebo.meta'
[3.036s] INFO:colcon.colcon_metadata.package_discovery.colcon_meta:Using configuration from '/root/.colcon/metadata/default/fastrtps.meta'
[3.037s] Level 1:colcon.colcon_core.package_discovery:discover_packages(recursive) check parameters
[3.037s] Level 1:colcon.colcon_core.package_discovery:discover_packages(ignore) check parameters
[3.037s] Level 1:colcon.colcon_core.package_discovery:discover_packages(path) check parameters
[3.037s] Level 1:colcon.colcon_core.package_discovery:discover_packages(colcon_meta) discover
[3.037s] Level 1:colcon.colcon_core.package_discovery:discover_packages(recursive) discover
[3.037s] INFO:colcon.colcon_core.package_discovery:Crawling recursively for packages in '/home/robot/ws_aprendendo_ros2/src'
[3.038s] Level 1:colcon.colcon_core.package_identification:_identify(.) by extensions ['ignore', 'ignore_ament_install']
[3.038s] Level 1:colcon.colcon_core.package_identification:_identify(.) by extension 'ignore'
[3.038s] Level 1:colcon.colcon_core.package_identification:_identify(.) by extension 'ignore_ament_install'
[3.038s] Level 1:colcon.colcon_core.package_identification:_identify(.) by extensions ['colcon_pkg']
[3.039s] Level 1:colcon.colcon_core.package_identification:_identify(.) by extension 'colcon_pkg'
[3.039s] Level 1:colcon.colcon_core.package_identification:_identify(.) by extensions ['colcon_meta']
[3.039s] Level 1:colcon.colcon_core.package_identification:_identify(.) by extension 'colcon_meta'
[3.039s] Level 1:colcon.colcon_core.package_identification:_identify(.) by extensions ['ros']
[3.041s] Level 1:colcon.colcon_core.package_identification:_identify(.) by extension 'ros'
[3.107s] Level 1:colcon.colcon_core.package_identification:_identify(.) by extensions ['cmake', 'python']
[3.108s] Level 1:colcon.colcon_core.package_identification:_identify(.) by extension 'cmake'
[3.108s] Level 1:colcon.colcon_core.package_identification:_identify(.) by extension 'python'
[3.108s] Level 1:colcon.colcon_core.package_identification:_identify(.) by extensions ['python_setup_py']
[3.108s] Level 1:colcon.colcon_core.package_identification:_identify(.) by extension 'python_setup_py'
[3.109s] Level 1:colcon.colcon_core.package_identification:_identify(build) by extensions ['ignore', 'ignore_ament_install']
[3.109s] Level 1:colcon.colcon_core.package_identification:_identify(build) by extension 'ignore'
[3.109s] Level 1:colcon.colcon_core.package_identification:_identify(build) ignored
[3.110s] Level 1:colcon.colcon_core.package_identification:_identify(install) by extensions ['ignore', 'ignore_ament_install']
[3.110s] Level 1:colcon.colcon_core.package_identification:_identify(install) by extension 'ignore'
[3.110s] Level 1:colcon.colcon_core.package_identification:_identify(install) ignored
[3.110s] Level 1:colcon.colcon_core.package_identification:_identify(log) by extensions ['ignore', 'ignore_ament_install']
[3.118s] Level 1:colcon.colcon_core.package_identification:_identify(log) by extension 'ignore'
[3.123s] Level 1:colcon.colcon_core.package_identification:_identify(log) ignored
[3.123s] Level 1:colcon.colcon_core.package_identification:_identify(mapeamento_pkg) by extensions ['ignore', 'ignore_ament_install']
[3.123s] Level 1:colcon.colcon_core.package_identification:_identify(mapeamento_pkg) by extension 'ignore'
[3.123s] Level 1:colcon.colcon_core.package_identification:_identify(mapeamento_pkg) by extension 'ignore_ament_install'
[3.124s] Level 1:colcon.colcon_core.package_identification:_identify(mapeamento_pkg) by extensions ['colcon_pkg']
[3.124s] Level 1:colcon.colcon_core.package_identification:_identify(mapeamento_pkg) by extension 'colcon_pkg'
[3.124s] Level 1:colcon.colcon_core.package_identification:_identify(mapeamento_pkg) by extensions ['colcon_meta']
[3.124s] Level 1:colcon.colcon_core.package_identification:_identify(mapeamento_pkg) by extension 'colcon_meta'
[3.124s] Level 1:colcon.colcon_core.package_identification:_identify(mapeamento_pkg) by extensions ['ros']
[3.125s] Level 1:colcon.colcon_core.package_identification:_identify(mapeamento_pkg) by extension 'ros'
[3.129s] DEBUG:colcon.colcon_core.package_identification:Package 'mapeamento_pkg' with type 'ros.ament_python' and name 'mapeamento_pkg'
[3.129s] Level 1:colcon.colcon_core.package_identification:_identify(meu_primeiro_pacote) by extensions ['ignore', 'ignore_ament_install']
[3.130s] Level 1:colcon.colcon_core.package_identification:_identify(meu_primeiro_pacote) by extension 'ignore'
[3.130s] Level 1:colcon.colcon_core.package_identification:_identify(meu_primeiro_pacote) by extension 'ignore_ament_install'
[3.130s] Level 1:colcon.colcon_core.package_identification:_identify(meu_primeiro_pacote) by extensions ['colcon_pkg']
[3.130s] Level 1:colcon.colcon_core.package_identification:_identify(meu_primeiro_pacote) by extension 'colcon_pkg'
[3.131s] Level 1:colcon.colcon_core.package_identification:_identify(meu_primeiro_pacote) by extensions ['colcon_meta']
[3.131s] Level 1:colcon.colcon_core.package_identification:_identify(meu_primeiro_pacote) by extension 'colcon_meta'
[3.131s] Level 1:colcon.colcon_core.package_identification:_identify(meu_primeiro_pacote) by extensions ['ros']
[3.131s] Level 1:colcon.colcon_core.package_identification:_identify(meu_primeiro_pacote) by extension 'ros'
[3.132s] DEBUG:colcon.colcon_core.package_identification:Package 'meu_primeiro_pacote' with type 'ros.ament_python' and name 'meu_primeiro_pacote'
[3.138s] Level 1:colcon.colcon_core.package_identification:_identify(pacote_de_exemplos) by extensions ['ignore', 'ignore_ament_install']
[3.138s] Level 1:colcon.colcon_core.package_identification:_identify(pacote_de_exemplos) by extension 'ignore'
[3.138s] Level 1:colcon.colcon_core.package_identification:_identify(pacote_de_exemplos) by extension 'ignore_ament_install'
[3.139s] Level 1:colcon.colcon_core.package_identification:_identify(pacote_de_exemplos) by extensions ['colcon_pkg']
[3.139s] Level 1:colcon.colcon_core.package_identification:_identify(pacote_de_exemplos) by extension 'colcon_pkg'
[3.139s] Level 1:colcon.colcon_core.package_identification:_identify(pacote_de_exemplos) by extensions ['colcon_meta']
[3.139s] Level 1:colcon.colcon_core.package_identification:_identify(pacote_de_exemplos) by extension 'colcon_meta'
[3.139s] Level 1:colcon.colcon_core.package_identification:_identify(pacote_de_exemplos) by extensions ['ros']
[3.141s] Level 1:colcon.colcon_core.package_identification:_identify(pacote_de_exemplos) by extension 'ros'
[3.142s] DEBUG:colcon.colcon_core.package_identification:Package 'pacote_de_exemplos' with type 'ros.ament_python' and name 'pacote_de_exemplos'
[3.142s] Level 1:colcon.colcon_core.package_discovery:discover_packages(recursive) using defaults
[3.142s] Level 1:colcon.colcon_core.package_discovery:discover_packages(ignore) discover
[3.142s] Level 1:colcon.colcon_core.package_discovery:discover_packages(ignore) using defaults
[3.142s] Level 1:colcon.colcon_core.package_discovery:discover_packages(path) discover
[3.143s] Level 1:colcon.colcon_core.package_discovery:discover_packages(path) using defaults
[3.277s] Level 5:colcon.colcon_core.verb:set package 'mapeamento_pkg' build argument 'cmake_args' from command line to 'None'
[3.290s] Level 5:colcon.colcon_core.verb:set package 'mapeamento_pkg' build argument 'cmake_target' from command line to 'None'
[3.290s] Level 5:colcon.colcon_core.verb:set package 'mapeamento_pkg' build argument 'cmake_target_skip_unavailable' from command line to 'False'
[3.290s] Level 5:colcon.colcon_core.verb:set package 'mapeamento_pkg' build argument 'cmake_clean_cache' from command line to 'False'
[3.290s] Level 5:colcon.colcon_core.verb:set package 'mapeamento_pkg' build argument 'cmake_clean_first' from command line to 'False'
[3.290s] Level 5:colcon.colcon_core.verb:set package 'mapeamento_pkg' build argument 'cmake_force_configure' from command line to 'False'
[3.291s] Level 5:colcon.colcon_core.verb:set package 'mapeamento_pkg' build argument 'ament_cmake_args' from command line to 'None'
[3.296s] Level 5:colcon.colcon_core.verb:set package 'mapeamento_pkg' build argument 'catkin_cmake_args' from command line to 'None'
[3.296s] Level 5:colcon.colcon_core.verb:set package 'mapeamento_pkg' build argument 'catkin_skip_building_tests' from command line to 'False'
[3.296s] DEBUG:colcon.colcon_core.verb:Building package 'mapeamento_pkg' with the following arguments: {'ament_cmake_args': None, 'build_base': '/home/robot/ws_aprendendo_ros2/src/build/mapeamento_pkg', 'catkin_cmake_args': None, 'catkin_skip_building_tests': False, 'cmake_args': None, 'cmake_clean_cache': False, 'cmake_clean_first': False, 'cmake_force_configure': False, 'cmake_target': None, 'cmake_target_skip_unavailable': False, 'install_base': '/home/robot/ws_aprendendo_ros2/src/install/mapeamento_pkg', 'merge_install': False, 'path': '/home/robot/ws_aprendendo_ros2/src/mapeamento_pkg', 'symlink_install': False, 'test_result_base': None}
[3.299s] Level 5:colcon.colcon_core.verb:set package 'meu_primeiro_pacote' build argument 'cmake_args' from command line to 'None'
[3.299s] Level 5:colcon.colcon_core.verb:set package 'meu_primeiro_pacote' build argument 'cmake_target' from command line to 'None'
[3.299s] Level 5:colcon.colcon_core.verb:set package 'meu_primeiro_pacote' build argument 'cmake_target_skip_unavailable' from command line to 'False'
[3.299s] Level 5:colcon.colcon_core.verb:set package 'meu_primeiro_pacote' build argument 'cmake_clean_cache' from command line to 'False'
[3.300s] Level 5:colcon.colcon_core.verb:set package 'meu_primeiro_pacote' build argument 'cmake_clean_first' from command line to 'False'
[3.300s] Level 5:colcon.colcon_core.verb:set package 'meu_primeiro_pacote' build argument 'cmake_force_configure' from command line to 'False'
[3.300s] Level 5:colcon.colcon_core.verb:set package 'meu_primeiro_pacote' build argument 'ament_cmake_args' from command line to 'None'
[3.300s] Level 5:colcon.colcon_core.verb:set package 'meu_primeiro_pacote' build argument 'catkin_cmake_args' from command line to 'None'
[3.300s] Level 5:colcon.colcon_core.verb:set package 'meu_primeiro_pacote' build argument 'catkin_skip_building_tests' from command line to 'False'
[3.300s] DEBUG:colcon.colcon_core.verb:Building package 'meu_primeiro_pacote' with the following arguments: {'ament_cmake_args': None, 'build_base': '/home/robot/ws_aprendendo_ros2/src/build/meu_primeiro_pacote', 'catkin_cmake_args': None, 'catkin_skip_building_tests': False, 'cmake_args': None, 'cmake_clean_cache': False, 'cmake_clean_first': False, 'cmake_force_configure': False, 'cmake_target': None, 'cmake_target_skip_unavailable': False, 'install_base': '/home/robot/ws_aprendendo_ros2/src/install/meu_primeiro_pacote', 'merge_install': False, 'path': '/home/robot/ws_aprendendo_ros2/src/meu_primeiro_pacote', 'symlink_install': False, 'test_result_base': None}
[3.302s] Level 5:colcon.colcon_core.verb:set package 'pacote_de_exemplos' build argument 'cmake_args' from command line to 'None'
[3.317s] Level 5:colcon.colcon_core.verb:set package 'pacote_de_exemplos' build argument 'cmake_target' from command line to 'None'
[3.318s] Level 5:colcon.colcon_core.verb:set package 'pacote_de_exemplos' build argument 'cmake_target_skip_unavailable' from command line to 'False'
[3.318s] Level 5:colcon.colcon_core.verb:set package 'pacote_de_exemplos' build argument 'cmake_clean_cache' from command line to 'False'
[3.318s] Level 5:colcon.colcon_core.verb:set package 'pacote_de_exemplos' build argument 'cmake_clean_first' from command line to 'False'
[3.318s] Level 5:colcon.colcon_core.verb:set package 'pacote_de_exemplos' build argument 'cmake_force_configure' from command line to 'False'
[3.318s] Level 5:colcon.colcon_core.verb:set package 'pacote_de_exemplos' build argument 'ament_cmake_args' from command line to 'None'
[3.319s] Level 5:colcon.colcon_core.verb:set package 'pacote_de_exemplos' build argument 'catkin_cmake_args' from command line to 'None'
[3.319s] Level 5:colcon.colcon_core.verb:set package 'pacote_de_exemplos' build argument 'catkin_skip_building_tests' from command line to 'False'
[3.319s] DEBUG:colcon.colcon_core.verb:Building package 'pacote_de_exemplos' with the following arguments: {'ament_cmake_args': None, 'build_base': '/home/robot/ws_aprendendo_ros2/src/build/pacote_de_exemplos', 'catkin_cmake_args': None, 'catkin_skip_building_tests': False, 'cmake_args': None, 'cmake_clean_cache': False, 'cmake_clean_first': False, 'cmake_force_configure': False, 'cmake_target': None, 'cmake_target_skip_unavailable': False, 'install_base': '/home/robot/ws_aprendendo_ros2/src/install/pacote_de_exemplos', 'merge_install': False, 'path': '/home/robot/ws_aprendendo_ros2/src/pacote_de_exemplos', 'symlink_install': False, 'test_result_base': None}
[3.320s] INFO:colcon.colcon_core.executor:Executing jobs using 'parallel' executor
[3.352s] DEBUG:colcon.colcon_parallel_executor.executor.parallel:run_until_complete
[3.352s] INFO:colcon.colcon_ros.task.ament_python.build:Building ROS package in '/home/robot/ws_aprendendo_ros2/src/mapeamento_pkg' with build type 'ament_python'
[3.353s] Level 1:colcon.colcon_core.shell:create_environment_hook('mapeamento_pkg', 'ament_prefix_path')
[3.367s] INFO:colcon.colcon_core.plugin_system:Skipping extension 'colcon_core.shell.bat': Not used on non-Windows systems
[3.378s] INFO:colcon.colcon_core.shell:Creating environment hook '/home/robot/ws_aprendendo_ros2/src/install/mapeamento_pkg/share/mapeamento_pkg/hook/ament_prefix_path.ps1'
[3.382s] INFO:colcon.colcon_core.shell:Creating environment descriptor '/home/robot/ws_aprendendo_ros2/src/install/mapeamento_pkg/share/mapeamento_pkg/hook/ament_prefix_path.dsv'
[3.383s] INFO:colcon.colcon_core.shell:Creating environment hook '/home/robot/ws_aprendendo_ros2/src/install/mapeamento_pkg/share/mapeamento_pkg/hook/ament_prefix_path.sh'
[3.386s] INFO:colcon.colcon_core.shell:Skip shell extension 'powershell' for command environment: Not usable outside of PowerShell
[3.395s] DEBUG:colcon.colcon_core.shell:Skip shell extension 'dsv' for command environment
[3.445s] INFO:colcon.colcon_ros.task.ament_python.build:Building ROS package in '/home/robot/ws_aprendendo_ros2/src/meu_primeiro_pacote' with build type 'ament_python'
[3.446s] Level 1:colcon.colcon_core.shell:create_environment_hook('meu_primeiro_pacote', 'ament_prefix_path')
[3.448s] INFO:colcon.colcon_core.shell:Creating environment hook '/home/robot/ws_aprendendo_ros2/src/install/meu_primeiro_pacote/share/meu_primeiro_pacote/hook/ament_prefix_path.ps1'
[3.449s] INFO:colcon.colcon_core.shell:Creating environment descriptor '/home/robot/ws_aprendendo_ros2/src/install/meu_primeiro_pacote/share/meu_primeiro_pacote/hook/ament_prefix_path.dsv'
[3.450s] INFO:colcon.colcon_core.shell:Creating environment hook '/home/robot/ws_aprendendo_ros2/src/install/meu_primeiro_pacote/share/meu_primeiro_pacote/hook/ament_prefix_path.sh'
[3.453s] INFO:colcon.colcon_core.shell:Skip shell extension 'powershell' for command environment: Not usable outside of PowerShell
[3.458s] DEBUG:colcon.colcon_core.shell:Skip shell extension 'dsv' for command environment
[5.433s] INFO:colcon.colcon_core.task.python.build:Building Python package in '/home/robot/ws_aprendendo_ros2/src/mapeamento_pkg'
[5.435s] INFO:colcon.colcon_core.shell:Skip shell extension 'powershell' for command environment: Not usable outside of PowerShell
[5.436s] DEBUG:colcon.colcon_core.shell:Skip shell extension 'dsv' for command environment
[7.914s] INFO:colcon.colcon_core.task.python.build:Building Python package in '/home/robot/ws_aprendendo_ros2/src/meu_primeiro_pacote'
[7.916s] INFO:colcon.colcon_core.shell:Skip shell extension 'powershell' for command environment: Not usable outside of PowerShell
[7.916s] DEBUG:colcon.colcon_core.shell:Skip shell extension 'dsv' for command environment
[10.836s] DEBUG:colcon.colcon_core.event_handler.log_command:Invoking command in '/home/robot/ws_aprendendo_ros2/src/mapeamento_pkg': PYTHONPATH=/home/robot/ws_aprendendo_ros2/src/build/mapeamento_pkg/prefix_override:/home/robot/ws_aprendendo_ros2/src/install/mapeamento_pkg/lib/python3.10/site-packages:${PYTHONPATH} /usr/bin/python3 setup.py egg_info --egg-base ../build/mapeamento_pkg build --build-base /home/robot/ws_aprendendo_ros2/src/build/mapeamento_pkg/build install --record /home/robot/ws_aprendendo_ros2/src/build/mapeamento_pkg/install.log --single-version-externally-managed
[10.943s] DEBUG:colcon.colcon_core.event_handler.log_command:Invoking command in '/home/robot/ws_aprendendo_ros2/src/meu_primeiro_pacote': PYTHONPATH=/home/robot/ws_aprendendo_ros2/src/build/meu_primeiro_pacote/prefix_override:/home/robot/ws_aprendendo_ros2/src/install/meu_primeiro_pacote/lib/python3.10/site-packages:${PYTHONPATH} /usr/bin/python3 setup.py egg_info --egg-base ../build/meu_primeiro_pacote build --build-base /home/robot/ws_aprendendo_ros2/src/build/meu_primeiro_pacote/build install --record /home/robot/ws_aprendendo_ros2/src/build/meu_primeiro_pacote/install.log --single-version-externally-managed
[13.335s] DEBUG:colcon.colcon_core.event_handler.log_command:Invoked command in '/home/robot/ws_aprendendo_ros2/src/meu_primeiro_pacote' returned '0': PYTHONPATH=/home/robot/ws_aprendendo_ros2/src/build/meu_primeiro_pacote/prefix_override:/home/robot/ws_aprendendo_ros2/src/install/meu_primeiro_pacote/lib/python3.10/site-packages:${PYTHONPATH} /usr/bin/python3 setup.py egg_info --egg-base ../build/meu_primeiro_pacote build --build-base /home/robot/ws_aprendendo_ros2/src/build/meu_primeiro_pacote/build install --record /home/robot/ws_aprendendo_ros2/src/build/meu_primeiro_pacote/install.log --single-version-externally-managed
[13.350s] Level 1:colcon.colcon_core.environment:checking '/home/robot/ws_aprendendo_ros2/src/install/meu_primeiro_pacote' for CMake module files
[13.352s] Level 1:colcon.colcon_core.environment:checking '/home/robot/ws_aprendendo_ros2/src/install/meu_primeiro_pacote' for CMake config files
[13.358s] Level 1:colcon.colcon_core.environment:checking '/home/robot/ws_aprendendo_ros2/src/install/meu_primeiro_pacote/lib'
[13.372s] Level 1:colcon.colcon_core.environment:checking '/home/robot/ws_aprendendo_ros2/src/install/meu_primeiro_pacote/bin'
[13.375s] Level 1:colcon.colcon_core.environment:checking '/home/robot/ws_aprendendo_ros2/src/install/meu_primeiro_pacote/lib/pkgconfig/meu_primeiro_pacote.pc'
[13.375s] Level 1:colcon.colcon_core.environment:checking '/home/robot/ws_aprendendo_ros2/src/install/meu_primeiro_pacote/lib/python3.10/site-packages'
[13.377s] Level 1:colcon.colcon_core.shell:create_environment_hook('meu_primeiro_pacote', 'pythonpath')
[13.403s] INFO:colcon.colcon_core.shell:Creating environment hook '/home/robot/ws_aprendendo_ros2/src/install/meu_primeiro_pacote/share/meu_primeiro_pacote/hook/pythonpath.ps1'
[13.404s] INFO:colcon.colcon_core.shell:Creating environment descriptor '/home/robot/ws_aprendendo_ros2/src/install/meu_primeiro_pacote/share/meu_primeiro_pacote/hook/pythonpath.dsv'
[13.404s] INFO:colcon.colcon_core.shell:Creating environment hook '/home/robot/ws_aprendendo_ros2/src/install/meu_primeiro_pacote/share/meu_primeiro_pacote/hook/pythonpath.sh'
[13.405s] Level 1:colcon.colcon_core.environment:checking '/home/robot/ws_aprendendo_ros2/src/install/meu_primeiro_pacote/bin'
[13.405s] Level 1:colcon.colcon_core.environment:create_environment_scripts_only(meu_primeiro_pacote)
[13.413s] INFO:colcon.colcon_core.shell:Creating package script '/home/robot/ws_aprendendo_ros2/src/install/meu_primeiro_pacote/share/meu_primeiro_pacote/package.ps1'
[13.437s] INFO:colcon.colcon_core.shell:Creating package descriptor '/home/robot/ws_aprendendo_ros2/src/install/meu_primeiro_pacote/share/meu_primeiro_pacote/package.dsv'
[13.440s] INFO:colcon.colcon_core.shell:Creating package script '/home/robot/ws_aprendendo_ros2/src/install/meu_primeiro_pacote/share/meu_primeiro_pacote/package.sh'
[13.442s] INFO:colcon.colcon_core.shell:Creating package script '/home/robot/ws_aprendendo_ros2/src/install/meu_primeiro_pacote/share/meu_primeiro_pacote/package.bash'
[13.446s] INFO:colcon.colcon_core.shell:Creating package script '/home/robot/ws_aprendendo_ros2/src/install/meu_primeiro_pacote/share/meu_primeiro_pacote/package.zsh'
[13.461s] Level 1:colcon.colcon_core.environment:create_file_with_runtime_dependencies(/home/robot/ws_aprendendo_ros2/src/install/meu_primeiro_pacote/share/colcon-core/packages/meu_primeiro_pacote)
[13.466s] INFO:colcon.colcon_ros.task.ament_python.build:Building ROS package in '/home/robot/ws_aprendendo_ros2/src/pacote_de_exemplos' with build type 'ament_python'
[13.466s] Level 1:colcon.colcon_core.shell:create_environment_hook('pacote_de_exemplos', 'ament_prefix_path')
[13.470s] INFO:colcon.colcon_core.shell:Creating environment hook '/home/robot/ws_aprendendo_ros2/src/install/pacote_de_exemplos/share/pacote_de_exemplos/hook/ament_prefix_path.ps1'
[13.484s] INFO:colcon.colcon_core.shell:Creating environment descriptor '/home/robot/ws_aprendendo_ros2/src/install/pacote_de_exemplos/share/pacote_de_exemplos/hook/ament_prefix_path.dsv'
[13.486s] INFO:colcon.colcon_core.shell:Creating environment hook '/home/robot/ws_aprendendo_ros2/src/install/pacote_de_exemplos/share/pacote_de_exemplos/hook/ament_prefix_path.sh'
[13.499s] INFO:colcon.colcon_core.shell:Skip shell extension 'powershell' for command environment: Not usable outside of PowerShell
[13.500s] DEBUG:colcon.colcon_core.shell:Skip shell extension 'dsv' for command environment
[13.567s] Level 1:colcon.colcon_core.environment:checking '/home/robot/ws_aprendendo_ros2/src/install/mapeamento_pkg' for CMake module files
[13.568s] DEBUG:colcon.colcon_core.event_handler.log_command:Invoked command in '/home/robot/ws_aprendendo_ros2/src/mapeamento_pkg' returned '0': PYTHONPATH=/home/robot/ws_aprendendo_ros2/src/build/mapeamento_pkg/prefix_override:/home/robot/ws_aprendendo_ros2/src/install/mapeamento_pkg/lib/python3.10/site-packages:${PYTHONPATH} /usr/bin/python3 setup.py egg_info --egg-base ../build/mapeamento_pkg build --build-base /home/robot/ws_aprendendo_ros2/src/build/mapeamento_pkg/build install --record /home/robot/ws_aprendendo_ros2/src/build/mapeamento_pkg/install.log --single-version-externally-managed
[13.570s] Level 1:colcon.colcon_core.environment:checking '/home/robot/ws_aprendendo_ros2/src/install/mapeamento_pkg' for CMake config files
[13.570s] Level 1:colcon.colcon_core.environment:checking '/home/robot/ws_aprendendo_ros2/src/install/mapeamento_pkg/lib'
[13.571s] Level 1:colcon.colcon_core.environment:checking '/home/robot/ws_aprendendo_ros2/src/install/mapeamento_pkg/bin'
[13.571s] Level 1:colcon.colcon_core.environment:checking '/home/robot/ws_aprendendo_ros2/src/install/mapeamento_pkg/lib/pkgconfig/mapeamento_pkg.pc'
[13.571s] Level 1:colcon.colcon_core.environment:checking '/home/robot/ws_aprendendo_ros2/src/install/mapeamento_pkg/lib/python3.10/site-packages'
[13.571s] Level 1:colcon.colcon_core.shell:create_environment_hook('mapeamento_pkg', 'pythonpath')
[13.573s] INFO:colcon.colcon_core.shell:Creating environment hook '/home/robot/ws_aprendendo_ros2/src/install/mapeamento_pkg/share/mapeamento_pkg/hook/pythonpath.ps1'
[13.594s] INFO:colcon.colcon_core.shell:Creating environment descriptor '/home/robot/ws_aprendendo_ros2/src/install/mapeamento_pkg/share/mapeamento_pkg/hook/pythonpath.dsv'
[13.598s] INFO:colcon.colcon_core.shell:Creating environment hook '/home/robot/ws_aprendendo_ros2/src/install/mapeamento_pkg/share/mapeamento_pkg/hook/pythonpath.sh'
[13.600s] Level 1:colcon.colcon_core.environment:checking '/home/robot/ws_aprendendo_ros2/src/install/mapeamento_pkg/bin'
[13.600s] Level 1:colcon.colcon_core.environment:create_environment_scripts_only(mapeamento_pkg)
[13.604s] INFO:colcon.colcon_core.shell:Creating package script '/home/robot/ws_aprendendo_ros2/src/install/mapeamento_pkg/share/mapeamento_pkg/package.ps1'
[13.614s] INFO:colcon.colcon_core.shell:Creating package descriptor '/home/robot/ws_aprendendo_ros2/src/install/mapeamento_pkg/share/mapeamento_pkg/package.dsv'
[13.622s] INFO:colcon.colcon_core.shell:Creating package script '/home/robot/ws_aprendendo_ros2/src/install/mapeamento_pkg/share/mapeamento_pkg/package.sh'
[13.623s] INFO:colcon.colcon_core.shell:Creating package script '/home/robot/ws_aprendendo_ros2/src/install/mapeamento_pkg/share/mapeamento_pkg/package.bash'
[13.625s] INFO:colcon.colcon_core.shell:Creating package script '/home/robot/ws_aprendendo_ros2/src/install/mapeamento_pkg/share/mapeamento_pkg/package.zsh'
[13.634s] Level 1:colcon.colcon_core.environment:create_file_with_runtime_dependencies(/home/robot/ws_aprendendo_ros2/src/install/mapeamento_pkg/share/colcon-core/packages/mapeamento_pkg)
[15.709s] INFO:colcon.colcon_core.task.python.build:Building Python package in '/home/robot/ws_aprendendo_ros2/src/pacote_de_exemplos'
[15.711s] INFO:colcon.colcon_core.shell:Skip shell extension 'powershell' for command environment: Not usable outside of PowerShell
[15.711s] DEBUG:colcon.colcon_core.shell:Skip shell extension 'dsv' for command environment
[18.822s] DEBUG:colcon.colcon_core.event_handler.log_command:Invoking command in '/home/robot/ws_aprendendo_ros2/src/pacote_de_exemplos': PYTHONPATH=/home/robot/ws_aprendendo_ros2/src/build/pacote_de_exemplos/prefix_override:/home/robot/ws_aprendendo_ros2/src/install/pacote_de_exemplos/lib/python3.10/site-packages:${PYTHONPATH} /usr/bin/python3 setup.py egg_info --egg-base ../build/pacote_de_exemplos build --build-base /home/robot/ws_aprendendo_ros2/src/build/pacote_de_exemplos/build install --record /home/robot/ws_aprendendo_ros2/src/build/pacote_de_exemplos/install.log --single-version-externally-managed
[21.120s] Level 1:colcon.colcon_core.environment:checking '/home/robot/ws_aprendendo_ros2/src/install/pacote_de_exemplos' for CMake module files
[21.121s] DEBUG:colcon.colcon_core.event_handler.log_command:Invoked command in '/home/robot/ws_aprendendo_ros2/src/pacote_de_exemplos' returned '0': PYTHONPATH=/home/robot/ws_aprendendo_ros2/src/build/pacote_de_exemplos/prefix_override:/home/robot/ws_aprendendo_ros2/src/install/pacote_de_exemplos/lib/python3.10/site-packages:${PYTHONPATH} /usr/bin/python3 setup.py egg_info --egg-base ../build/pacote_de_exemplos build --build-base /home/robot/ws_aprendendo_ros2/src/build/pacote_de_exemplos/build install --record /home/robot/ws_aprendendo_ros2/src/build/pacote_de_exemplos/install.log --single-version-externally-managed
[21.124s] Level 1:colcon.colcon_core.environment:checking '/home/robot/ws_aprendendo_ros2/src/install/pacote_de_exemplos' for CMake config files
[21.125s] Level 1:colcon.colcon_core.environment:checking '/home/robot/ws_aprendendo_ros2/src/install/pacote_de_exemplos/lib'
[21.125s] Level 1:colcon.colcon_core.environment:checking '/home/robot/ws_aprendendo_ros2/src/install/pacote_de_exemplos/bin'
[21.125s] Level 1:colcon.colcon_core.environment:checking '/home/robot/ws_aprendendo_ros2/src/install/pacote_de_exemplos/lib/pkgconfig/pacote_de_exemplos.pc'
[21.129s] Level 1:colcon.colcon_core.environment:checking '/home/robot/ws_aprendendo_ros2/src/install/pacote_de_exemplos/lib/python3.10/site-packages'
[21.129s] Level 1:colcon.colcon_core.shell:create_environment_hook('pacote_de_exemplos', 'pythonpath')
[21.135s] INFO:colcon.colcon_core.shell:Creating environment hook '/home/robot/ws_aprendendo_ros2/src/install/pacote_de_exemplos/share/pacote_de_exemplos/hook/pythonpath.ps1'
[21.151s] INFO:colcon.colcon_core.shell:Creating environment descriptor '/home/robot/ws_aprendendo_ros2/src/install/pacote_de_exemplos/share/pacote_de_exemplos/hook/pythonpath.dsv'
[21.154s] INFO:colcon.colcon_core.shell:Creating environment hook '/home/robot/ws_aprendendo_ros2/src/install/pacote_de_exemplos/share/pacote_de_exemplos/hook/pythonpath.sh'
[21.156s] Level 1:colcon.colcon_core.environment:checking '/home/robot/ws_aprendendo_ros2/src/install/pacote_de_exemplos/bin'
[21.156s] Level 1:colcon.colcon_core.environment:create_environment_scripts_only(pacote_de_exemplos)
[21.159s] INFO:colcon.colcon_core.shell:Creating package script '/home/robot/ws_aprendendo_ros2/src/install/pacote_de_exemplos/share/pacote_de_exemplos/package.ps1'
[21.172s] INFO:colcon.colcon_core.shell:Creating package descriptor '/home/robot/ws_aprendendo_ros2/src/install/pacote_de_exemplos/share/pacote_de_exemplos/package.dsv'
[21.179s] INFO:colcon.colcon_core.shell:Creating package script '/home/robot/ws_aprendendo_ros2/src/install/pacote_de_exemplos/share/pacote_de_exemplos/package.sh'
[21.186s] INFO:colcon.colcon_core.shell:Creating package script '/home/robot/ws_aprendendo_ros2/src/install/pacote_de_exemplos/share/pacote_de_exemplos/package.bash'
[21.188s] INFO:colcon.colcon_core.shell:Creating package script '/home/robot/ws_aprendendo_ros2/src/install/pacote_de_exemplos/share/pacote_de_exemplos/package.zsh'
[21.191s] Level 1:colcon.colcon_core.environment:create_file_with_runtime_dependencies(/home/robot/ws_aprendendo_ros2/src/install/pacote_de_exemplos/share/colcon-core/packages/pacote_de_exemplos)
[21.194s] DEBUG:colcon.colcon_parallel_executor.executor.parallel:closing loop
[21.195s] DEBUG:colcon.colcon_parallel_executor.executor.parallel:loop closed
[21.195s] DEBUG:colcon.colcon_parallel_executor.executor.parallel:run_until_complete finished with '0'
[21.210s] DEBUG:colcon.colcon_core.event_reactor:joining thread
[21.245s] INFO:colcon.colcon_core.plugin_system:Skipping extension 'colcon_notification.desktop_notification.notify_send': Could not find 'notify-send'
[21.245s] INFO:colcon.colcon_core.plugin_system:Skipping extension 'colcon_notification.desktop_notification.terminal_notifier': Not used on non-Darwin systems
[21.245s] INFO:colcon.colcon_core.plugin_system:Skipping extension 'colcon_notification.desktop_notification.win32': Not used on non-Windows systems
[21.245s] INFO:colcon.colcon_notification.desktop_notification:Sending desktop notification using 'notify2'
[21.255s] DEBUG:colcon.colcon_notification.desktop_notification.notify2:Failed to initialize notify2: org.freedesktop.DBus.Error.Spawn.ExecFailed: /usr/bin/dbus-launch terminated abnormally without any error message
[21.256s] DEBUG:colcon.colcon_core.event_reactor:joined thread
[21.258s] INFO:colcon.colcon_core.shell:Creating prefix script '/home/robot/ws_aprendendo_ros2/src/install/local_setup.ps1'
[21.264s] INFO:colcon.colcon_core.shell:Creating prefix util module '/home/robot/ws_aprendendo_ros2/src/install/_local_setup_util_ps1.py'
[21.269s] INFO:colcon.colcon_core.shell:Creating prefix chain script '/home/robot/ws_aprendendo_ros2/src/install/setup.ps1'
[21.279s] INFO:colcon.colcon_core.shell:Creating prefix script '/home/robot/ws_aprendendo_ros2/src/install/local_setup.sh'
[21.301s] INFO:colcon.colcon_core.shell:Creating prefix util module '/home/robot/ws_aprendendo_ros2/src/install/_local_setup_util_sh.py'
[21.303s] INFO:colcon.colcon_core.shell:Creating prefix chain script '/home/robot/ws_aprendendo_ros2/src/install/setup.sh'
[21.311s] INFO:colcon.colcon_core.shell:Creating prefix script '/home/robot/ws_aprendendo_ros2/src/install/local_setup.bash'
[21.320s] INFO:colcon.colcon_core.shell:Creating prefix chain script '/home/robot/ws_aprendendo_ros2/src/install/setup.bash'
[21.327s] INFO:colcon.colcon_core.shell:Creating prefix script '/home/robot/ws_aprendendo_ros2/src/install/local_setup.zsh'
[21.332s] INFO:colcon.colcon_core.shell:Creating prefix chain script '/home/robot/ws_aprendendo_ros2/src/install/setup.zsh'
