running egg_info
creating ../build/mapeamento_pkg/mapeamento_pkg.egg-info
writing ../build/mapeamento_pkg/mapeamento_pkg.egg-info/PKG-INFO
writing dependency_links to ../build/mapeamento_pkg/mapeamento_pkg.egg-info/dependency_links.txt
writing entry points to ../build/mapeamento_pkg/mapeamento_pkg.egg-info/entry_points.txt
writing requirements to ../build/mapeamento_pkg/mapeamento_pkg.egg-info/requires.txt
writing top-level names to ../build/mapeamento_pkg/mapeamento_pkg.egg-info/top_level.txt
writing manifest file '../build/mapeamento_pkg/mapeamento_pkg.egg-info/SOURCES.txt'
reading manifest file '../build/mapeamento_pkg/mapeamento_pkg.egg-info/SOURCES.txt'
writing manifest file '../build/mapeamento_pkg/mapeamento_pkg.egg-info/SOURCES.txt'
running build
running build_py
creating /home/robot/ws_aprendendo_ros2/src/build/mapeamento_pkg/build
creating /home/robot/ws_aprendendo_ros2/src/build/mapeamento_pkg/build/lib
creating /home/robot/ws_aprendendo_ros2/src/build/mapeamento_pkg/build/lib/mapeamento_pkg
copying mapeamento_pkg/lidar_to_grid_map.py -> /home/robot/ws_aprendendo_ros2/src/build/mapeamento_pkg/build/lib/mapeamento_pkg
copying mapeamento_pkg/__init__.py -> /home/robot/ws_aprendendo_ros2/src/build/mapeamento_pkg/build/lib/mapeamento_pkg
copying mapeamento_pkg/lidar_to_grid.py -> /home/robot/ws_aprendendo_ros2/src/build/mapeamento_pkg/build/lib/mapeamento_pkg
running install
running install_lib
creating /home/robot/ws_aprendendo_ros2/src/install/mapeamento_pkg/lib/python3.10/site-packages/mapeamento_pkg
copying /home/robot/ws_aprendendo_ros2/src/build/mapeamento_pkg/build/lib/mapeamento_pkg/lidar_to_grid_map.py -> /home/robot/ws_aprendendo_ros2/src/install/mapeamento_pkg/lib/python3.10/site-packages/mapeamento_pkg
copying /home/robot/ws_aprendendo_ros2/src/build/mapeamento_pkg/build/lib/mapeamento_pkg/__init__.py -> /home/robot/ws_aprendendo_ros2/src/install/mapeamento_pkg/lib/python3.10/site-packages/mapeamento_pkg
copying /home/robot/ws_aprendendo_ros2/src/build/mapeamento_pkg/build/lib/mapeamento_pkg/lidar_to_grid.py -> /home/robot/ws_aprendendo_ros2/src/install/mapeamento_pkg/lib/python3.10/site-packages/mapeamento_pkg
byte-compiling /home/robot/ws_aprendendo_ros2/src/install/mapeamento_pkg/lib/python3.10/site-packages/mapeamento_pkg/lidar_to_grid_map.py to lidar_to_grid_map.cpython-310.pyc
byte-compiling /home/robot/ws_aprendendo_ros2/src/install/mapeamento_pkg/lib/python3.10/site-packages/mapeamento_pkg/__init__.py to __init__.cpython-310.pyc
byte-compiling /home/robot/ws_aprendendo_ros2/src/install/mapeamento_pkg/lib/python3.10/site-packages/mapeamento_pkg/lidar_to_grid.py to lidar_to_grid.cpython-310.pyc
running install_data
creating /home/robot/ws_aprendendo_ros2/src/install/mapeamento_pkg/share/ament_index
creating /home/robot/ws_aprendendo_ros2/src/install/mapeamento_pkg/share/ament_index/resource_index
creating /home/robot/ws_aprendendo_ros2/src/install/mapeamento_pkg/share/ament_index/resource_index/packages
copying resource/mapeamento_pkg -> /home/robot/ws_aprendendo_ros2/src/install/mapeamento_pkg/share/ament_index/resource_index/packages
copying package.xml -> /home/robot/ws_aprendendo_ros2/src/install/mapeamento_pkg/share/mapeamento_pkg
running install_egg_info
Copying ../build/mapeamento_pkg/mapeamento_pkg.egg-info to /home/robot/ws_aprendendo_ros2/src/install/mapeamento_pkg/lib/python3.10/site-packages/mapeamento_pkg-0.0.0-py3.10.egg-info
running install_scripts
Installing lidar_to_grid = mapeamento_pkg.lidar_to_grid:mainlidar_to_grid_map script to /home/robot/ws_aprendendo_ros2/src/install/mapeamento_pkg/lib/mapeamento_pkg
writing list of installed files to '/home/robot/ws_aprendendo_ros2/src/build/mapeamento_pkg/install.log'
