[1.040s] Invoking command in '/home/robot/ws_aprendendo_ros2/src/mapeamento_pkg': PYTHONPATH=/home/robot/ws_aprendendo_ros2/src/build/mapeamento_pkg/prefix_override:/home/robot/ws_aprendendo_ros2/src/install/mapeamento_pkg/lib/python3.10/site-packages:${PYTHONPATH} /usr/bin/python3 setup.py egg_info --egg-base ../build/mapeamento_pkg build --build-base /home/robot/ws_aprendendo_ros2/src/build/mapeamento_pkg/build install --record /home/robot/ws_aprendendo_ros2/src/build/mapeamento_pkg/install.log --single-version-externally-managed
[1.443s] running egg_info
[1.443s] creating ../build/mapeamento_pkg/mapeamento_pkg.egg-info
[1.447s] writing ../build/mapeamento_pkg/mapeamento_pkg.egg-info/PKG-INFO
[1.447s] writing dependency_links to ../build/mapeamento_pkg/mapeamento_pkg.egg-info/dependency_links.txt
[1.448s] writing entry points to ../build/mapeamento_pkg/mapeamento_pkg.egg-info/entry_points.txt
[1.448s] writing requirements to ../build/mapeamento_pkg/mapeamento_pkg.egg-info/requires.txt
[1.448s] writing top-level names to ../build/mapeamento_pkg/mapeamento_pkg.egg-info/top_level.txt
[1.449s] writing manifest file '../build/mapeamento_pkg/mapeamento_pkg.egg-info/SOURCES.txt'
[1.451s] reading manifest file '../build/mapeamento_pkg/mapeamento_pkg.egg-info/SOURCES.txt'
[1.460s] writing manifest file '../build/mapeamento_pkg/mapeamento_pkg.egg-info/SOURCES.txt'
[1.461s] running build
[1.461s] running build_py
[1.461s] creating /home/robot/ws_aprendendo_ros2/src/build/mapeamento_pkg/build
[1.462s] creating /home/robot/ws_aprendendo_ros2/src/build/mapeamento_pkg/build/lib
[1.462s] creating /home/robot/ws_aprendendo_ros2/src/build/mapeamento_pkg/build/lib/mapeamento_pkg
[1.462s] copying mapeamento_pkg/lidar_to_grid_map.py -> /home/robot/ws_aprendendo_ros2/src/build/mapeamento_pkg/build/lib/mapeamento_pkg
[1.462s] copying mapeamento_pkg/__init__.py -> /home/robot/ws_aprendendo_ros2/src/build/mapeamento_pkg/build/lib/mapeamento_pkg
[1.463s] copying mapeamento_pkg/lidar_to_grid.py -> /home/robot/ws_aprendendo_ros2/src/build/mapeamento_pkg/build/lib/mapeamento_pkg
[1.463s] running install
[1.463s] running install_lib
[1.463s] creating /home/robot/ws_aprendendo_ros2/src/install/mapeamento_pkg/lib/python3.10/site-packages/mapeamento_pkg
[1.463s] copying /home/robot/ws_aprendendo_ros2/src/build/mapeamento_pkg/build/lib/mapeamento_pkg/lidar_to_grid_map.py -> /home/robot/ws_aprendendo_ros2/src/install/mapeamento_pkg/lib/python3.10/site-packages/mapeamento_pkg
[1.463s] copying /home/robot/ws_aprendendo_ros2/src/build/mapeamento_pkg/build/lib/mapeamento_pkg/__init__.py -> /home/robot/ws_aprendendo_ros2/src/install/mapeamento_pkg/lib/python3.10/site-packages/mapeamento_pkg
[1.472s] copying /home/robot/ws_aprendendo_ros2/src/build/mapeamento_pkg/build/lib/mapeamento_pkg/lidar_to_grid.py -> /home/robot/ws_aprendendo_ros2/src/install/mapeamento_pkg/lib/python3.10/site-packages/mapeamento_pkg
[1.473s] byte-compiling /home/robot/ws_aprendendo_ros2/src/install/mapeamento_pkg/lib/python3.10/site-packages/mapeamento_pkg/lidar_to_grid_map.py to lidar_to_grid_map.cpython-310.pyc
[1.474s] byte-compiling /home/robot/ws_aprendendo_ros2/src/install/mapeamento_pkg/lib/python3.10/site-packages/mapeamento_pkg/__init__.py to __init__.cpython-310.pyc
[1.474s] byte-compiling /home/robot/ws_aprendendo_ros2/src/install/mapeamento_pkg/lib/python3.10/site-packages/mapeamento_pkg/lidar_to_grid.py to lidar_to_grid.cpython-310.pyc
[1.478s] running install_data
[1.478s] creating /home/robot/ws_aprendendo_ros2/src/install/mapeamento_pkg/share/ament_index
[1.478s] creating /home/robot/ws_aprendendo_ros2/src/install/mapeamento_pkg/share/ament_index/resource_index
[1.479s] creating /home/robot/ws_aprendendo_ros2/src/install/mapeamento_pkg/share/ament_index/resource_index/packages
[1.479s] copying resource/mapeamento_pkg -> /home/robot/ws_aprendendo_ros2/src/install/mapeamento_pkg/share/ament_index/resource_index/packages
[1.479s] copying package.xml -> /home/robot/ws_aprendendo_ros2/src/install/mapeamento_pkg/share/mapeamento_pkg
[1.479s] running install_egg_info
[1.484s] Copying ../build/mapeamento_pkg/mapeamento_pkg.egg-info to /home/robot/ws_aprendendo_ros2/src/install/mapeamento_pkg/lib/python3.10/site-packages/mapeamento_pkg-0.0.0-py3.10.egg-info
[1.487s] running install_scripts
[1.520s] Installing lidar_to_grid = mapeamento_pkg.lidar_to_grid:mainlidar_to_grid_map script to /home/robot/ws_aprendendo_ros2/src/install/mapeamento_pkg/lib/mapeamento_pkg
[1.521s] writing list of installed files to '/home/robot/ws_aprendendo_ros2/src/build/mapeamento_pkg/install.log'
[1.550s] Invoked command in '/home/robot/ws_aprendendo_ros2/src/mapeamento_pkg' returned '0': PYTHONPATH=/home/robot/ws_aprendendo_ros2/src/build/mapeamento_pkg/prefix_override:/home/robot/ws_aprendendo_ros2/src/install/mapeamento_pkg/lib/python3.10/site-packages:${PYTHONPATH} /usr/bin/python3 setup.py egg_info --egg-base ../build/mapeamento_pkg build --build-base /home/robot/ws_aprendendo_ros2/src/build/mapeamento_pkg/build install --record /home/robot/ws_aprendendo_ros2/src/build/mapeamento_pkg/install.log --single-version-externally-managed
