running egg_info
writing ../build/mapeamento_pkg/mapeamento_pkg.egg-info/PKG-INFO
writing dependency_links to ../build/mapeamento_pkg/mapeamento_pkg.egg-info/dependency_links.txt
writing entry points to ../build/mapeamento_pkg/mapeamento_pkg.egg-info/entry_points.txt
writing requirements to ../build/mapeamento_pkg/mapeamento_pkg.egg-info/requires.txt
writing top-level names to ../build/mapeamento_pkg/mapeamento_pkg.egg-info/top_level.txt
reading manifest file '../build/mapeamento_pkg/mapeamento_pkg.egg-info/SOURCES.txt'
writing manifest file '../build/mapeamento_pkg/mapeamento_pkg.egg-info/SOURCES.txt'
running build
running build_py
running install
running install_lib
running install_data
running install_egg_info
removing '/home/robot/ws_aprendendo_ros2/src/install/mapeamento_pkg/lib/python3.10/site-packages/mapeamento_pkg-0.0.0-py3.10.egg-info' (and everything under it)
Copying ../build/mapeamento_pkg/mapeamento_pkg.egg-info to /home/robot/ws_aprendendo_ros2/src/install/mapeamento_pkg/lib/python3.10/site-packages/mapeamento_pkg-0.0.0-py3.10.egg-info
running install_scripts
Installing lidar_to_grid script to /home/robot/ws_aprendendo_ros2/src/install/mapeamento_pkg/lib/mapeamento_pkg
Installing lidar_to_grid_map script to /home/robot/ws_aprendendo_ros2/src/install/mapeamento_pkg/lib/mapeamento_pkg
writing list of installed files to '/home/robot/ws_aprendendo_ros2/src/build/mapeamento_pkg/install.log'
