[7.478s] Invoking command in '/home/robot/ws_aprendendo_ros2/src/mapeamento_pkg': PYTHONPATH=/home/robot/ws_aprendendo_ros2/src/build/mapeamento_pkg/prefix_override:/home/robot/ws_aprendendo_ros2/src/install/mapeamento_pkg/lib/python3.10/site-packages:${PYTHONPATH} /usr/bin/python3 setup.py egg_info --egg-base ../build/mapeamento_pkg build --build-base /home/robot/ws_aprendendo_ros2/src/build/mapeamento_pkg/build install --record /home/robot/ws_aprendendo_ros2/src/build/mapeamento_pkg/install.log --single-version-externally-managed
[9.548s] running egg_info
[9.569s] writing ../build/mapeamento_pkg/mapeamento_pkg.egg-info/PKG-INFO
[9.570s] writing dependency_links to ../build/mapeamento_pkg/mapeamento_pkg.egg-info/dependency_links.txt
[9.572s] writing entry points to ../build/mapeamento_pkg/mapeamento_pkg.egg-info/entry_points.txt
[9.579s] writing requirements to ../build/mapeamento_pkg/mapeamento_pkg.egg-info/requires.txt
[9.580s] writing top-level names to ../build/mapeamento_pkg/mapeamento_pkg.egg-info/top_level.txt
[9.600s] reading manifest file '../build/mapeamento_pkg/mapeamento_pkg.egg-info/SOURCES.txt'
[9.601s] writing manifest file '../build/mapeamento_pkg/mapeamento_pkg.egg-info/SOURCES.txt'
[9.605s] running build
[9.606s] running build_py
[9.609s] copying mapeamento_pkg/lidar_to_grid_map.py -> /home/robot/ws_aprendendo_ros2/src/build/mapeamento_pkg/build/lib/mapeamento_pkg
[9.611s] copying mapeamento_pkg/lidar_to_grid.py -> /home/robot/ws_aprendendo_ros2/src/build/mapeamento_pkg/build/lib/mapeamento_pkg
[9.612s] running install
[9.618s] running install_lib
[9.627s] copying /home/robot/ws_aprendendo_ros2/src/build/mapeamento_pkg/build/lib/mapeamento_pkg/lidar_to_grid_map.py -> /home/robot/ws_aprendendo_ros2/src/install/mapeamento_pkg/lib/python3.10/site-packages/mapeamento_pkg
[9.628s] copying /home/robot/ws_aprendendo_ros2/src/build/mapeamento_pkg/build/lib/mapeamento_pkg/lidar_to_grid.py -> /home/robot/ws_aprendendo_ros2/src/install/mapeamento_pkg/lib/python3.10/site-packages/mapeamento_pkg
[9.632s] byte-compiling /home/robot/ws_aprendendo_ros2/src/install/mapeamento_pkg/lib/python3.10/site-packages/mapeamento_pkg/lidar_to_grid_map.py to lidar_to_grid_map.cpython-310.pyc
[9.649s] byte-compiling /home/robot/ws_aprendendo_ros2/src/install/mapeamento_pkg/lib/python3.10/site-packages/mapeamento_pkg/lidar_to_grid.py to lidar_to_grid.cpython-310.pyc
[9.661s] running install_data
[9.664s] running install_egg_info
[9.677s] removing '/home/robot/ws_aprendendo_ros2/src/install/mapeamento_pkg/lib/python3.10/site-packages/mapeamento_pkg-0.0.0-py3.10.egg-info' (and everything under it)
[9.680s] Copying ../build/mapeamento_pkg/mapeamento_pkg.egg-info to /home/robot/ws_aprendendo_ros2/src/install/mapeamento_pkg/lib/python3.10/site-packages/mapeamento_pkg-0.0.0-py3.10.egg-info
[9.704s] running install_scripts
[9.860s] Installing lidar_to_grid = mapeamento_pkg.lidar_to_grid:mainlidar_to_grid_map script to /home/robot/ws_aprendendo_ros2/src/install/mapeamento_pkg/lib/mapeamento_pkg
[9.869s] writing list of installed files to '/home/robot/ws_aprendendo_ros2/src/build/mapeamento_pkg/install.log'
[10.211s] Invoked command in '/home/robot/ws_aprendendo_ros2/src/mapeamento_pkg' returned '0': PYTHONPATH=/home/robot/ws_aprendendo_ros2/src/build/mapeamento_pkg/prefix_override:/home/robot/ws_aprendendo_ros2/src/install/mapeamento_pkg/lib/python3.10/site-packages:${PYTHONPATH} /usr/bin/python3 setup.py egg_info --egg-base ../build/mapeamento_pkg build --build-base /home/robot/ws_aprendendo_ros2/src/build/mapeamento_pkg/build install --record /home/robot/ws_aprendendo_ros2/src/build/mapeamento_pkg/install.log --single-version-externally-managed
