[1.101s] Invoking command in '/home/robot/ws_aprendendo_ros2/src/meu_primeiro_pacote': PYTHONPATH=/home/robot/ws_aprendendo_ros2/src/build/meu_primeiro_pacote/prefix_override:/home/robot/ws_aprendendo_ros2/src/install/meu_primeiro_pacote/lib/python3.10/site-packages:${PYTHONPATH} /usr/bin/python3 setup.py egg_info --egg-base ../build/meu_primeiro_pacote build --build-base /home/robot/ws_aprendendo_ros2/src/build/meu_primeiro_pacote/build install --record /home/robot/ws_aprendendo_ros2/src/build/meu_primeiro_pacote/install.log --single-version-externally-managed
[1.503s] running egg_info
[1.504s] writing ../build/meu_primeiro_pacote/meu_primeiro_pacote.egg-info/PKG-INFO
[1.504s] writing dependency_links to ../build/meu_primeiro_pacote/meu_primeiro_pacote.egg-info/dependency_links.txt
[1.504s] writing entry points to ../build/meu_primeiro_pacote/meu_primeiro_pacote.egg-info/entry_points.txt
[1.505s] writing requirements to ../build/meu_primeiro_pacote/meu_primeiro_pacote.egg-info/requires.txt
[1.505s] writing top-level names to ../build/meu_primeiro_pacote/meu_primeiro_pacote.egg-info/top_level.txt
[1.508s] reading manifest file '../build/meu_primeiro_pacote/meu_primeiro_pacote.egg-info/SOURCES.txt'
[1.510s] writing manifest file '../build/meu_primeiro_pacote/meu_primeiro_pacote.egg-info/SOURCES.txt'
[1.510s] running build
[1.511s] running build_py
[1.511s] copying meu_primeiro_pacote/talker.py -> /home/robot/ws_aprendendo_ros2/src/build/meu_primeiro_pacote/build/lib/meu_primeiro_pacote
[1.512s] running install
[1.512s] running install_lib
[1.514s] copying /home/robot/ws_aprendendo_ros2/src/build/meu_primeiro_pacote/build/lib/meu_primeiro_pacote/talker.py -> /home/robot/ws_aprendendo_ros2/src/install/meu_primeiro_pacote/lib/python3.10/site-packages/meu_primeiro_pacote
[1.515s] byte-compiling /home/robot/ws_aprendendo_ros2/src/install/meu_primeiro_pacote/lib/python3.10/site-packages/meu_primeiro_pacote/talker.py to talker.cpython-310.pyc
[1.516s] running install_data
[1.518s] running install_egg_info
[1.521s] removing '/home/robot/ws_aprendendo_ros2/src/install/meu_primeiro_pacote/lib/python3.10/site-packages/meu_primeiro_pacote-0.0.0-py3.10.egg-info' (and everything under it)
[1.522s] Copying ../build/meu_primeiro_pacote/meu_primeiro_pacote.egg-info to /home/robot/ws_aprendendo_ros2/src/install/meu_primeiro_pacote/lib/python3.10/site-packages/meu_primeiro_pacote-0.0.0-py3.10.egg-info
[1.523s] running install_scripts
[1.556s] Installing meu_primeiro_no script to /home/robot/ws_aprendendo_ros2/src/install/meu_primeiro_pacote/lib/meu_primeiro_pacote
[1.556s] Installing no script to /home/robot/ws_aprendendo_ros2/src/install/meu_primeiro_pacote/lib/meu_primeiro_pacote
[1.557s] Installing talker script to /home/robot/ws_aprendendo_ros2/src/install/meu_primeiro_pacote/lib/meu_primeiro_pacote
[1.557s] writing list of installed files to '/home/robot/ws_aprendendo_ros2/src/build/meu_primeiro_pacote/install.log'
[1.616s] Invoked command in '/home/robot/ws_aprendendo_ros2/src/meu_primeiro_pacote' returned '0': PYTHONPATH=/home/robot/ws_aprendendo_ros2/src/build/meu_primeiro_pacote/prefix_override:/home/robot/ws_aprendendo_ros2/src/install/meu_primeiro_pacote/lib/python3.10/site-packages:${PYTHONPATH} /usr/bin/python3 setup.py egg_info --egg-base ../build/meu_primeiro_pacote build --build-base /home/robot/ws_aprendendo_ros2/src/build/meu_primeiro_pacote/build install --record /home/robot/ws_aprendendo_ros2/src/build/meu_primeiro_pacote/install.log --single-version-externally-managed
